Traceback (most recent call last):
  File "/Users/ekoprasetyo/bcnewsupdate/.venv/lib/python3.13/site-packages/urllib3/connection.py", line 204, in _new_conn
    sock = connection.create_connection(
        (self._dns_host, self.port),
    ...<2 lines>...
        socket_options=self.socket_options,
    )
  File "/Users/ekoprasetyo/bcnewsupdate/.venv/lib/python3.13/site-packages/urllib3/util/connection.py", line 60, in create_connection
    for res in socket.getaddrinfo(host, port, family, socket.SOCK_STREAM):
               ~~~~~~~~~~~~~~~~~~^^^^^^^^^^^^^^^^^^^^^^^^^^^^^^^^^^^^^^^^
  File "/opt/miniconda3/lib/python3.13/socket.py", line 977, in getaddrinfo
    for res in _socket.getaddrinfo(host, port, family, type, proto, flags):
               ~~~~~~~~~~~~~~~~~~~^^^^^^^^^^^^^^^^^^^^^^^^^^^^^^^^^^^^^^^^
socket.gaierror: [Errno 8] nodename nor servname provided, or not known

The above exception was the direct cause of the following exception:

Traceback (most recent call last):
  File "/Users/ekoprasetyo/bcnewsupdate/.venv/lib/python3.13/site-packages/urllib3/connectionpool.py", line 787, in urlopen
    response = self._make_request(
        conn,
    ...<10 lines>...
        **response_kw,
    )
  File "/Users/ekoprasetyo/bcnewsupdate/.venv/lib/python3.13/site-packages/urllib3/connectionpool.py", line 488, in _make_request
    raise new_e
  File "/Users/ekoprasetyo/bcnewsupdate/.venv/lib/python3.13/site-packages/urllib3/connectionpool.py", line 464, in _make_request
    self._validate_conn(conn)
    ~~~~~~~~~~~~~~~~~~~^^^^^^
  File "/Users/ekoprasetyo/bcnewsupdate/.venv/lib/python3.13/site-packages/urllib3/connectionpool.py", line 1093, in _validate_conn
    conn.connect()
    ~~~~~~~~~~~~^^
  File "/Users/ekoprasetyo/bcnewsupdate/.venv/lib/python3.13/site-packages/urllib3/connection.py", line 759, in connect
    self.sock = sock = self._new_conn()
                       ~~~~~~~~~~~~~~^^
  File "/Users/ekoprasetyo/bcnewsupdate/.venv/lib/python3.13/site-packages/urllib3/connection.py", line 211, in _new_conn
    raise NameResolutionError(self.host, self, e) from e
urllib3.exceptions.NameResolutionError: HTTPSConnection(host='newsapi.org', port=443): Failed to resolve 'newsapi.org' ([Errno 8] nodename nor servname provided, or not known)

The above exception was the direct cause of the following exception:

Traceback (most recent call last):
  File "/Users/ekoprasetyo/bcnewsupdate/.venv/lib/python3.13/site-packages/requests/adapters.py", line 644, in send
    resp = conn.urlopen(
        method=request.method,
    ...<9 lines>...
        chunked=chunked,
    )
  File "/Users/ekoprasetyo/bcnewsupdate/.venv/lib/python3.13/site-packages/urllib3/connectionpool.py", line 841, in urlopen
    retries = retries.increment(
        method, url, error=new_e, _pool=self, _stacktrace=sys.exc_info()[2]
    )
  File "/Users/ekoprasetyo/bcnewsupdate/.venv/lib/python3.13/site-packages/urllib3/util/retry.py", line 535, in increment
    raise MaxRetryError(_pool, url, reason) from reason  # type: ignore[arg-type]
    ^^^^^^^^^^^^^^^^^^^^^^^^^^^^^^^^^^^^^^^^^^^^^^^^^^^
urllib3.exceptions.MaxRetryError: HTTPSConnectionPool(host='newsapi.org', port=443): Max retries exceeded with url: /v2/everything?q=%22bea+cukai%22+OR+DJBC+OR+Kemenkeu+OR+%22Kementerian+Keuangan%22&sortBy=publishedAt&pageSize=5&apiKey=28a55fa9e9ce4dc6b954d073e252f5c1&excludeDomains=globenewswire.com%2Cprnewswire.com%2Cbusinesswire.com&searchIn=title%2Cdescription&language=id (Caused by NameResolutionError("HTTPSConnection(host='newsapi.org', port=443): Failed to resolve 'newsapi.org' ([Errno 8] nodename nor servname provided, or not known)"))

During handling of the above exception, another exception occurred:

Traceback (most recent call last):
  File "/Users/ekoprasetyo/bcnewsupdate/bc_news_update.py", line 142, in <module>
    main()
    ~~~~^^
  File "/Users/ekoprasetyo/bcnewsupdate/bc_news_update.py", line 113, in main
    news_items, mode = fetch_newsapi_with_fallback()
                       ~~~~~~~~~~~~~~~~~~~~~~~~~~~^^
  File "/Users/ekoprasetyo/bcnewsupdate/bc_news_update.py", line 73, in fetch_newsapi_with_fallback
    items = fetch_newsapi(QUERY_PRIMARY, use_language=True)
  File "/Users/ekoprasetyo/bcnewsupdate/bc_news_update.py", line 55, in fetch_newsapi
    r = requests.get(url, params=params, timeout=25)
  File "/Users/ekoprasetyo/bcnewsupdate/.venv/lib/python3.13/site-packages/requests/api.py", line 73, in get
    return request("get", url, params=params, **kwargs)
  File "/Users/ekoprasetyo/bcnewsupdate/.venv/lib/python3.13/site-packages/requests/api.py", line 59, in request
    return session.request(method=method, url=url, **kwargs)
           ~~~~~~~~~~~~~~~^^^^^^^^^^^^^^^^^^^^^^^^^^^^^^^^^^
  File "/Users/ekoprasetyo/bcnewsupdate/.venv/lib/python3.13/site-packages/requests/sessions.py", line 589, in request
    resp = self.send(prep, **send_kwargs)
  File "/Users/ekoprasetyo/bcnewsupdate/.venv/lib/python3.13/site-packages/requests/sessions.py", line 703, in send
    r = adapter.send(request, **kwargs)
  File "/Users/ekoprasetyo/bcnewsupdate/.venv/lib/python3.13/site-packages/requests/adapters.py", line 677, in send
    raise ConnectionError(e, request=request)
requests.exceptions.ConnectionError: HTTPSConnectionPool(host='newsapi.org', port=443): Max retries exceeded with url: /v2/everything?q=%22bea+cukai%22+OR+DJBC+OR+Kemenkeu+OR+%22Kementerian+Keuangan%22&sortBy=publishedAt&pageSize=5&apiKey=28a55fa9e9ce4dc6b954d073e252f5c1&excludeDomains=globenewswire.com%2Cprnewswire.com%2Cbusinesswire.com&searchIn=title%2Cdescription&language=id (Caused by NameResolutionError("HTTPSConnection(host='newsapi.org', port=443): Failed to resolve 'newsapi.org' ([Errno 8] nodename nor servname provided, or not known)"))
